# JRE version: OpenJDK Runtime Environment (8.0_242) (build 1.8.0_242-release-1644-b3-6222593)
# Java VM: OpenJDK 64-Bit Server VM (25.242-b3-6222593 mixed mode linux-amd64 compressed oops)
Heap:
 PSYoungGen      total 519168K, used 346167K [0x00000000d5580000, 0x0000000100000000, 0x0000000100000000)
  eden space 485376K, 64% used [0x00000000d5580000,0x00000000e86920c0,0x00000000f2f80000)
  from space 33792K, 99% used [0x00000000f2f80000,0x00000000f507bcb8,0x00000000f5080000)
  to   space 53248K, 0% used [0x00000000fcc00000,0x00000000fcc00000,0x0000000100000000)
 ParOldGen       total 517120K, used 66540K [0x0000000080000000, 0x000000009f900000, 0x00000000d5580000)
  object space 517120K, 12% used [0x0000000080000000,0x00000000840fb2b0,0x000000009f900000)
 Metaspace       used 91264K, capacity 96516K, committed 96808K, reserved 1132544K
  class space    used 12237K, capacity 13286K, committed 13360K, reserved 1048576K
GC Heap History (10 events):
Event: 3.116 GC heap before
{Heap before GC invocations=6 (full 2):
 PSYoungGen      total 279040K, used 258048K [0x00000000d5580000, 0x00000000ede00000, 0x0000000100000000)
  eden space 258048K, 100% used [0x00000000d5580000,0x00000000e5180000,0x00000000e5180000)
  from space 20992K, 0% used [0x00000000e5180000,0x00000000e5180000,0x00000000e6600000)
  to   space 20992K, 0% used [0x00000000ec980000,0x00000000ec980000,0x00000000ede00000)
 ParOldGen       total 366592K, used 22112K [0x0000000080000000, 0x0000000096600000, 0x00000000d5580000)
  object space 366592K, 6% used [0x0000000080000000,0x0000000081598028,0x0000000096600000)
 Metaspace       used 50018K, capacity 51980K, committed 52264K, reserved 1093632K
  class space    used 6679K, capacity 7128K, committed 7216K, reserved 1048576K
Event: 3.127 GC heap after
Heap after GC invocations=6 (full 2):
 PSYoungGen      total 355840K, used 20982K [0x00000000d5580000, 0x00000000ede00000, 0x0000000100000000)
  eden space 334848K, 0% used [0x00000000d5580000,0x00000000d5580000,0x00000000e9c80000)
  from space 20992K, 99% used [0x00000000ec980000,0x00000000eddfd8a0,0x00000000ede00000)
  to   space 20992K, 0% used [0x00000000eb500000,0x00000000eb500000,0x00000000ec980000)
 ParOldGen       total 366592K, used 24279K [0x0000000080000000, 0x0000000096600000, 0x00000000d5580000)
  object space 366592K, 6% used [0x0000000080000000,0x00000000817b5c40,0x0000000096600000)
 Metaspace       used 50018K, capacity 51980K, committed 52264K, reserved 1093632K
  class space    used 6679K, capacity 7128K, committed 7216K, reserved 1048576K
}
Event: 3.712 GC heap before
{Heap before GC invocations=7 (full 2):
 PSYoungGen      total 355840K, used 158295K [0x00000000d5580000, 0x00000000ede00000, 0x0000000100000000)
  eden space 334848K, 41% used [0x00000000d5580000,0x00000000ddb984d0,0x00000000e9c80000)
  from space 20992K, 99% used [0x00000000ec980000,0x00000000eddfd8a0,0x00000000ede00000)
  to   space 20992K, 0% used [0x00000000eb500000,0x00000000eb500000,0x00000000ec980000)
 ParOldGen       total 366592K, used 24279K [0x0000000080000000, 0x0000000096600000, 0x00000000d5580000)
  object space 366592K, 6% used [0x0000000080000000,0x00000000817b5c40,0x0000000096600000)
 Metaspace       used 56658K, capacity 59062K, committed 59160K, reserved 1099776K
  class space    used 7756K, capacity 8270K, committed 8368K, reserved 1048576K
Event: 3.747 GC heap after
Heap after GC invocations=7 (full 2):
 PSYoungGen      total 380928K, used 20972K [0x00000000d5580000, 0x00000000f6d00000, 0x0000000100000000)
  eden space 359936K, 0% used [0x00000000d5580000,0x00000000d5580000,0x00000000eb500000)
  from space 20992K, 99% used [0x00000000eb500000,0x00000000ec97b330,0x00000000ec980000)
  to   space 29184K, 0% used [0x00000000f5080000,0x00000000f5080000,0x00000000f6d00000)
 ParOldGen       total 366592K, used 29458K [0x0000000080000000, 0x0000000096600000, 0x00000000d5580000)
  object space 366592K, 8% used [0x0000000080000000,0x0000000081cc48b0,0x0000000096600000)
 Metaspace       used 56658K, capacity 59062K, committed 59160K, reserved 1099776K
  class space    used 7756K, capacity 8270K, committed 8368K, reserved 1048576K
}
Event: 3.747 GC heap before
{Heap before GC invocations=8 (full 3):
 PSYoungGen      total 380928K, used 20972K [0x00000000d5580000, 0x00000000f6d00000, 0x0000000100000000)
  eden space 359936K, 0% used [0x00000000d5580000,0x00000000d5580000,0x00000000eb500000)
  from space 20992K, 99% used [0x00000000eb500000,0x00000000ec97b330,0x00000000ec980000)
  to   space 29184K, 0% used [0x00000000f5080000,0x00000000f5080000,0x00000000f6d00000)
 ParOldGen       total 366592K, used 29458K [0x0000000080000000, 0x0000000096600000, 0x00000000d5580000)
  object space 366592K, 8% used [0x0000000080000000,0x0000000081cc48b0,0x0000000096600000)
 Metaspace       used 56658K, capacity 59062K, committed 59160K, reserved 1099776K
  class space    used 7756K, capacity 8270K, committed 8368K, reserved 1048576K
Event: 3.869 GC heap after
Heap after GC invocations=8 (full 3):
 PSYoungGen      total 380928K, used 0K [0x00000000d5580000, 0x00000000f6d00000, 0x0000000100000000)
  eden space 359936K, 0% used [0x00000000d5580000,0x00000000d5580000,0x00000000eb500000)
  from space 20992K, 0% used [0x00000000eb500000,0x00000000eb500000,0x00000000ec980000)
  to   space 29184K, 0% used [0x00000000f5080000,0x00000000f5080000,0x00000000f6d00000)
 ParOldGen       total 517120K, used 38000K [0x0000000080000000, 0x000000009f900000, 0x00000000d5580000)
  object space 517120K, 7% used [0x0000000080000000,0x000000008251c1a8,0x000000009f900000)
 Metaspace       used 56627K, capacity 58960K, committed 59160K, reserved 1099776K
  class space    used 7747K, capacity 8253K, committed 8368K, reserved 1048576K
}
Event: 5.334 GC heap before
{Heap before GC invocations=9 (full 3):
 PSYoungGen      total 380928K, used 359936K [0x00000000d5580000, 0x00000000f6d00000, 0x0000000100000000)
  eden space 359936K, 100% used [0x00000000d5580000,0x00000000eb500000,0x00000000eb500000)
  from space 20992K, 0% used [0x00000000eb500000,0x00000000eb500000,0x00000000ec980000)
  to   space 29184K, 0% used [0x00000000f5080000,0x00000000f5080000,0x00000000f6d00000)
 ParOldGen       total 517120K, used 38000K [0x0000000080000000, 0x000000009f900000, 0x00000000d5580000)
  object space 517120K, 7% used [0x0000000080000000,0x000000008251c1a8,0x000000009f900000)
 Metaspace       used 64981K, capacity 68292K, committed 68520K, reserved 1107968K
  class space    used 8914K, capacity 9593K, committed 9648K, reserved 1048576K
Event: 5.372 GC heap after
Heap after GC invocations=9 (full 3):
 PSYoungGen      total 514560K, used 29176K [0x00000000d5580000, 0x00000000f7b80000, 0x0000000100000000)
  eden space 485376K, 0% used [0x00000000d5580000,0x00000000d5580000,0x00000000f2f80000)
  from space 29184K, 99% used [0x00000000f5080000,0x00000000f6cfe2a0,0x00000000f6d00000)
  to   space 33792K, 0% used [0x00000000f2f80000,0x00000000f2f80000,0x00000000f5080000)
 ParOldGen       total 517120K, used 38008K [0x0000000080000000, 0x000000009f900000, 0x00000000d5580000)
  object space 517120K, 7% used [0x0000000080000000,0x000000008251e1a8,0x000000009f900000)
 Metaspace       used 64981K, capacity 68292K, committed 68520K, reserved 1107968K
  class space    used 8914K, capacity 9593K, committed 9648K, reserved 1048576K
}
Event: 7.618 GC heap before
{Heap before GC invocations=10 (full 3):
 PSYoungGen      total 514560K, used 514552K [0x00000000d5580000, 0x00000000f7b80000, 0x0000000100000000)
  eden space 485376K, 100% used [0x00000000d5580000,0x00000000f2f80000,0x00000000f2f80000)
  from space 29184K, 99% used [0x00000000f5080000,0x00000000f6cfe2a0,0x00000000f6d00000)
  to   space 33792K, 0% used [0x00000000f2f80000,0x00000000f2f80000,0x00000000f5080000)
 ParOldGen       total 517120K, used 38008K [0x0000000080000000, 0x000000009f900000, 0x00000000d5580000)
  object space 517120K, 7% used [0x0000000080000000,0x000000008251e1a8,0x000000009f900000)
 Metaspace       used 85598K, capacity 90674K, committed 90920K, reserved 1128448K
  class space    used 11775K, capacity 12755K, committed 12848K, reserved 1048576K
Event: 7.647 GC heap after
Heap after GC invocations=10 (full 3):
 PSYoungGen      total 519168K, used 33775K [0x00000000d5580000, 0x0000000100000000, 0x0000000100000000)
  eden space 485376K, 0% used [0x00000000d5580000,0x00000000d5580000,0x00000000f2f80000)
  from space 33792K, 99% used [0x00000000f2f80000,0x00000000f507bcb8,0x00000000f5080000)
  to   space 53248K, 0% used [0x00000000fcc00000,0x00000000fcc00000,0x0000000100000000)
 ParOldGen       total 517120K, used 66540K [0x0000000080000000, 0x000000009f900000, 0x00000000d5580000)
  object space 517120K, 12% used [0x0000000080000000,0x00000000840fb2b0,0x000000009f900000)
 Metaspace       used 85598K, capacity 90674K, committed 90920K, reserved 1128448K
  class space    used 11775K, capacity 12755K, committed 12848K, reserved 1048576K
}

